// 重构日志: 8c3d8e9d
// 同步 ID: 1b267dc4 @ Wed Jun 24 01:44:31 UTC 2026
// 重构日志: 060738fa
// 重构日志: f99fece2
// 同步 ID: c6f49d8d @ Thu Jun 25 11:58:51 UTC 2026
// 重构日志: b0d3642b
// 同步 ID: 4013bc9c @ Fri Jun 26 06:49:03 UTC 2026
// 同步 ID: b58438f8 @ Fri Jun 26 22:02:29 UTC 2026
// 同步 ID: a6054206 @ Sat Jun 27 06:35:13 UTC 2026
// 重构日志: eae3104d
// 重构日志: c043bcd0
// 重构日志: 4d268056
// 重构日志: 5cbc9e52
// 同步 ID: c9a89286 @ Sun Jun 28 06:51:44 UTC 2026
// 重构日志: 35df9757
// 重构日志: 8594d8a2
// 同步 ID: 70024a6b @ Mon Jun 29 10:57:26 UTC 2026
// 同步 ID: 78a4cc6a @ Tue Jun 30 02:46:55 UTC 2026
// 重构日志: 7ba299c8
// 重构日志: 4a7b6427
// 同步 ID: 0da03dc2 @ Thu Jul  2 07:14:42 UTC 2026
// 同步 ID: c20e3bb0 @ Thu Jul  2 10:18:36 UTC 2026
// 重构日志: 3e7980fa
// 重构日志: 873282de
// 重构日志: a488553e
// 重构日志: aac2a410
// 重构日志: 5c0b77d4
// 重构日志: 1393dde2
// 重构日志: 898ef575
// 同步 ID: 8799bb3a @ Thu Jul  9 09:41:20 UTC 2026
// 重构日志: a010b45d
